===== Productions =====
[0] $START ::= Statement EOF
[1] Statement ::= Instruction
[2] Statement ::= Instruction SEPARATOR_EOL Statement
[3] Statement ::= error SEPARATOR_EOL Statement
[4] Instruction ::= LabelOptional CodePseudocode CommentOptional
[5] LabelOptional ::= TLABEL
[6] LabelOptional ::=
[7] CommentOptional ::= TCOMMENT
[8] CommentOptional ::=
[9] CodePseudocode ::= Code
[10] CodePseudocode ::= Pseudocode
[11] CodePseudocode ::=
[12] Code ::= Data
[13] Code ::= Opcode
[14] Data ::= PREPROCESSOR_DB DB_Data DBDataIter
[15] Data ::= PREPROCESSOR_DW DW_Data DWDataIter
[16] Data ::= PREPROCESSOR_DS Expression
[17] DBDataIter ::= SEPARATOR_COMMA DB_Data DBDataIter
[18] DBDataIter ::=
[19] DWDataIter ::= SEPARATOR_COMMA DW_Data DWDataIter
[20] DWDataIter ::=
[21] DB_Data ::= Expression
[22] DB_Data ::= LITERAL_STRING
[23] DB_Data ::= Opcode
[24] DW_Data ::= Expression
[25] Expression ::= Expression expr
[26] Expression ::= expr
[27] expr ::= SEPARATOR_LPAR expr SEPARATOR_RPAR
[28] expr ::= LITERAL_DECIMAL_8BIT
[29] expr ::= LITERAL_DECIMAL_16BIT
[30] expr ::= PREPROCESSOR_ADDR
[31] expr ::= TIDENTIFIER
[32] expr ::= expr OPERATOR_OR expr
[33] expr ::= expr OPERATOR_XOR expr
[34] expr ::= expr OPERATOR_AND expr
[35] expr ::= OPERATOR_NOT expr
[36] expr ::= expr OPERATOR_ADD expr
[37] expr ::= expr OPERATOR_SUBTRACT expr
[38] expr ::= expr OPERATOR_MULTIPLY expr
[39] expr ::= expr OPERATOR_DIVIDE expr
[40] expr ::= expr OPERATOR_MOD expr
[41] expr ::= expr OPERATOR_SHR expr
[42] expr ::= expr OPERATOR_SHL expr
[43] Pseudocode ::= PREPROCESSOR_ORG Expression
[44] Pseudocode ::= TIDENTIFIER PREPROCESSOR_EQU Expression
[45] Pseudocode ::= TIDENTIFIER PREPROCESSOR_SET Expression
[46] Pseudocode ::= PREPROCESSOR_END
[47] Pseudocode ::= PREPROCESSOR_IF Expression CommentOptional SEPARATOR_EOL Sta
tement PREPROCESSOR_ENDIF
[48] Pseudocode ::= TIDENTIFIER PREPROCESSOR_MACRO MacroOperOptional CommentOpti
onal SEPARATOR_EOL Statement PREPROCESSOR_ENDM
[49] MacroOperOptional ::= TIDENTIFIER MacroOperIter
[50] MacroOperOptional ::=
[51] MacroOperIter ::= MacroOperIter SEPARATOR_COMMA TIDENTIFIER
[52] MacroOperIter ::=
[53] Opcode ::= RESERVED_STC
[54] Opcode ::= RESERVED_CMC
[55] Opcode ::= RESERVED_CMA
[56] Opcode ::= RESERVED_DAA
[57] Opcode ::= RESERVED_NOP
[58] Opcode ::= RESERVED_RLC
[59] Opcode ::= RESERVED_RRC
[60] Opcode ::= RESERVED_RAL
[61] Opcode ::= RESERVED_RAR
[62] Opcode ::= RESERVED_XCHG
[63] Opcode ::= RESERVED_XTHL
[64] Opcode ::= RESERVED_SPHL
[65] Opcode ::= RESERVED_PCHL
[66] Opcode ::= RESERVED_RET
[67] Opcode ::= RESERVED_RC
[68] Opcode ::= RESERVED_RNC
[69] Opcode ::= RESERVED_RZ
[70] Opcode ::= RESERVED_RNZ
[71] Opcode ::= RESERVED_RM
[72] Opcode ::= RESERVED_RP
[73] Opcode ::= RESERVED_RPE
[74] Opcode ::= RESERVED_RPO
[75] Opcode ::= RESERVED_EI
[76] Opcode ::= RESERVED_DI
[77] Opcode ::= RESERVED_HLT
[78] Opcode ::= RESERVED_INR Reg
[79] Opcode ::= RESERVED_DCR Reg
[80] Opcode ::= RESERVED_ADD Reg
[81] Opcode ::= RESERVED_ADC Reg
[82] Opcode ::= RESERVED_SUB Reg
[83] Opcode ::= RESERVED_SBB Reg
[84] Opcode ::= RESERVED_ANA Reg
[85] Opcode ::= RESERVED_XRA Reg
[86] Opcode ::= RESERVED_ORA Reg
[87] Opcode ::= RESERVED_CMP Reg
[88] Opcode ::= RESERVED_MOV Reg SEPARATOR_COMMA Reg
[89] Opcode ::= RESERVED_STAX RegPairBD
[90] Opcode ::= RESERVED_LDAX RegPairBD
[91] Opcode ::= RESERVED_PUSH RegPairBDHP
[92] Opcode ::= RESERVED_POP RegPairBDHP
[93] Opcode ::= RESERVED_DAD RegPairBDHS
[94] Opcode ::= RESERVED_INX RegPairBDHS
[95] Opcode ::= RESERVED_DCX RegPairBDHS
[96] Opcode ::= RESERVED_LXI RegPairBDHS SEPARATOR_COMMA Expression
[97] Opcode ::= RESERVED_MVI Reg SEPARATOR_COMMA Expression
[98] Opcode ::= RESERVED_ADI Expression
[99] Opcode ::= RESERVED_ACI Expression
[100] Opcode ::= RESERVED_SUI Expression
[101] Opcode ::= RESERVED_SBI Expression
[102] Opcode ::= RESERVED_ANI Expression
[103] Opcode ::= RESERVED_XRI Expression
[104] Opcode ::= RESERVED_ORI Expression
[105] Opcode ::= RESERVED_CPI Expression
[106] Opcode ::= RESERVED_STA Expression
[107] Opcode ::= RESERVED_LDA Expression
[108] Opcode ::= RESERVED_SHLD Expression
[109] Opcode ::= RESERVED_LHLD Expression
[110] Opcode ::= RESERVED_JMP Expression
[111] Opcode ::= RESERVED_JC Expression
[112] Opcode ::= RESERVED_JNC Expression
[113] Opcode ::= RESERVED_JZ Expression
[114] Opcode ::= RESERVED_JNZ Expression
[115] Opcode ::= RESERVED_JM Expression
[116] Opcode ::= RESERVED_JP Expression
[117] Opcode ::= RESERVED_JPE Expression
[118] Opcode ::= RESERVED_JPO Expression
[119] Opcode ::= RESERVED_CALL Expression
[120] Opcode ::= RESERVED_CC Expression
[121] Opcode ::= RESERVED_CNC Expression
[122] Opcode ::= RESERVED_CZ Expression
[123] Opcode ::= RESERVED_CNZ Expression
[124] Opcode ::= RESERVED_CM Expression
[125] Opcode ::= RESERVED_CP Expression
[126] Opcode ::= RESERVED_CPE Expression
[127] Opcode ::= RESERVED_CPO Expression
[128] Opcode ::= RESERVED_RST Expression
[129] Opcode ::= RESERVED_IN Expression
[130] Opcode ::= RESERVED_OUT Expression
[131] RegPairBD ::= REGISTERS_B
[132] RegPairBD ::= REGISTERS_D
[133] RegPairBDHP ::= REGISTERS_B
[134] RegPairBDHP ::= REGISTERS_D
[135] RegPairBDHP ::= REGISTERS_H
[136] RegPairBDHP ::= REGISTERS_PSW
[137] RegPairBDHS ::= REGISTERS_B
[138] RegPairBDHS ::= REGISTERS_D
[139] RegPairBDHS ::= REGISTERS_H
[140] RegPairBDHS ::= REGISTERS_SP
[141] Reg ::= REGISTERS_A
[142] Reg ::= REGISTERS_B
[143] Reg ::= REGISTERS_C
[144] Reg ::= REGISTERS_D
[145] Reg ::= REGISTERS_E
[146] Reg ::= REGISTERS_H
[147] Reg ::= REGISTERS_L
[148] Reg ::= REGISTERS_M
